2023-09-14T18:21:04.729-03:00  INFO 19328 --- [restartedMain] application.app.Startup                  : Starting Startup using Java 17.0.7 with PID 19328 (C:\Users\rhama\Documents\GitHub\rest-with-springboot-and-java\rest-with-springboot-and-java\target\classes started by rhama in C:\Users\rhama\Documents\GitHub\rest-with-springboot-and-java\rest-with-springboot-and-java)
2023-09-14T18:21:04.732-03:00  INFO 19328 --- [restartedMain] application.app.Startup                  : No active profile set, falling back to 1 default profile: "default"
2023-09-14T18:21:04.809-03:00  INFO 19328 --- [restartedMain] .e.DevToolsPropertyDefaultsPostProcessor : Devtools property defaults active! Set 'spring.devtools.add-properties' to 'false' to disable
2023-09-14T18:21:04.813-03:00  INFO 19328 --- [restartedMain] .e.DevToolsPropertyDefaultsPostProcessor : For additional web related logging consider setting the 'logging.level.web' property to 'DEBUG'
2023-09-14T18:21:06.167-03:00  INFO 19328 --- [restartedMain] .s.d.r.c.RepositoryConfigurationDelegate : Bootstrapping Spring Data JPA repositories in DEFAULT mode.
2023-09-14T18:21:06.247-03:00  INFO 19328 --- [restartedMain] .s.d.r.c.RepositoryConfigurationDelegate : Finished Spring Data repository scanning in 71 ms. Found 2 JPA repository interfaces.
2023-09-14T18:21:07.048-03:00  INFO 19328 --- [restartedMain] o.s.b.w.embedded.tomcat.TomcatWebServer  : Tomcat initialized with port(s): 8080 (http)
2023-09-14T18:21:07.057-03:00  INFO 19328 --- [restartedMain] o.apache.catalina.core.StandardService   : Starting service [Tomcat]
2023-09-14T18:21:07.058-03:00  INFO 19328 --- [restartedMain] o.apache.catalina.core.StandardEngine    : Starting Servlet engine: [Apache Tomcat/10.1.10]
2023-09-14T18:21:07.142-03:00  INFO 19328 --- [restartedMain] o.a.c.c.C.[Tomcat].[localhost].[/]       : Initializing Spring embedded WebApplicationContext
2023-09-14T18:21:07.143-03:00  INFO 19328 --- [restartedMain] w.s.c.ServletWebServerApplicationContext : Root WebApplicationContext: initialization completed in 2329 ms
2023-09-14T18:21:07.431-03:00  INFO 19328 --- [restartedMain] o.hibernate.jpa.internal.util.LogHelper  : HHH000204: Processing PersistenceUnitInfo [name: default]
2023-09-14T18:21:07.504-03:00  INFO 19328 --- [restartedMain] org.hibernate.Version                    : HHH000412: Hibernate ORM core version 6.2.6.Final
2023-09-14T18:21:07.507-03:00  INFO 19328 --- [restartedMain] org.hibernate.cfg.Environment            : HHH000406: Using bytecode reflection optimizer
2023-09-14T18:21:07.693-03:00  INFO 19328 --- [restartedMain] o.h.b.i.BytecodeProviderInitiator        : HHH000021: Bytecode provider name : bytebuddy
2023-09-14T18:21:07.887-03:00  INFO 19328 --- [restartedMain] o.s.o.j.p.SpringPersistenceUnitInfo      : No LoadTimeWeaver setup: ignoring JPA class transformer
2023-09-14T18:21:07.913-03:00  INFO 19328 --- [restartedMain] com.zaxxer.hikari.HikariDataSource       : HikariPool-1 - Starting...
2023-09-14T18:21:08.408-03:00  INFO 19328 --- [restartedMain] com.zaxxer.hikari.pool.HikariPool        : HikariPool-1 - Added connection com.mysql.cj.jdbc.ConnectionImpl@19a0b454
2023-09-14T18:21:08.411-03:00  INFO 19328 --- [restartedMain] com.zaxxer.hikari.HikariDataSource       : HikariPool-1 - Start completed.
2023-09-14T18:21:08.485-03:00  WARN 19328 --- [restartedMain] org.hibernate.orm.deprecation            : HHH90000026: MySQL8Dialect has been deprecated; use org.hibernate.dialect.MySQLDialect instead
2023-09-14T18:21:08.899-03:00  INFO 19328 --- [restartedMain] o.h.b.i.BytecodeProviderInitiator        : HHH000021: Bytecode provider name : bytebuddy
2023-09-14T18:21:09.880-03:00  INFO 19328 --- [restartedMain] o.h.e.t.j.p.i.JtaPlatformInitiator       : HHH000490: Using JtaPlatform implementation: [org.hibernate.engine.transaction.jta.platform.internal.NoJtaPlatform]
2023-09-14T18:21:10.007-03:00  INFO 19328 --- [restartedMain] j.LocalContainerEntityManagerFactoryBean : Initialized JPA EntityManagerFactory for persistence unit 'default'
2023-09-14T18:21:10.672-03:00  WARN 19328 --- [restartedMain] JpaBaseConfiguration$JpaWebConfiguration : spring.jpa.open-in-view is enabled by default. Therefore, database queries may be performed during view rendering. Explicitly configure spring.jpa.open-in-view to disable this warning
2023-09-14T18:21:11.628-03:00  INFO 19328 --- [restartedMain] o.s.b.d.a.OptionalLiveReloadServer       : LiveReload server is running on port 35729
2023-09-14T18:21:11.634-03:00  INFO 19328 --- [restartedMain] o.s.b.a.e.web.EndpointLinksResolver      : Exposing 1 endpoint(s) beneath base path '/actuator'
2023-09-14T18:21:11.733-03:00  INFO 19328 --- [restartedMain] o.s.b.w.embedded.tomcat.TomcatWebServer  : Tomcat started on port(s): 8080 (http) with context path ''
2023-09-14T18:21:11.750-03:00  INFO 19328 --- [restartedMain] application.app.Startup                  : Started Startup in 7.697 seconds (process running for 9.994)
2023-09-14T18:21:22.107-03:00  INFO 19328 --- [http-nio-8080-exec-3] o.a.c.c.C.[Tomcat].[localhost].[/]       : Initializing Spring DispatcherServlet 'dispatcherServlet'
2023-09-14T18:21:22.108-03:00  INFO 19328 --- [http-nio-8080-exec-3] o.s.web.servlet.DispatcherServlet        : Initializing Servlet 'dispatcherServlet'
2023-09-14T18:21:22.109-03:00  INFO 19328 --- [http-nio-8080-exec-3] o.s.web.servlet.DispatcherServlet        : Completed initialization in 1 ms
2023-09-14T18:21:22.142-03:00  WARN 19328 --- [http-nio-8080-exec-3] o.s.web.servlet.PageNotFound             : Request method 'PUT' is not supported
2023-09-14T18:21:22.256-03:00  WARN 19328 --- [http-nio-8080-exec-3] .m.m.a.ExceptionHandlerExceptionResolver : Resolved [org.springframework.web.HttpRequestMethodNotSupportedException: Request method 'PUT' is not supported]
2023-09-14T18:21:31.788-03:00  INFO 19328 --- [http-nio-8080-exec-4] application.app.service.PersonServices   : Buscando todas as pessoas
2023-09-14T18:21:31.976-03:00  INFO 19328 --- [http-nio-8080-exec-4] c.g.dozermapper.core.util.RuntimeUtils   : OSGi support is false
2023-09-14T18:21:31.977-03:00  INFO 19328 --- [http-nio-8080-exec-4] c.g.d.core.DozerBeanMapperBuilder        : Initializing Dozer. Version: 6.4.0, Thread Name: http-nio-8080-exec-4
2023-09-14T18:21:31.982-03:00  INFO 19328 --- [http-nio-8080-exec-4] d.c.c.r.LegacyPropertiesSettingsResolver : Trying to find Dozer configuration file: dozer.properties
2023-09-14T18:21:31.982-03:00  INFO 19328 --- [http-nio-8080-exec-4] d.c.c.r.LegacyPropertiesSettingsResolver : Failed to find dozer.properties via com.github.dozermapper.core.config.resolvers.LegacyPropertiesSettingsResolver.
2023-09-14T18:21:31.986-03:00  WARN 19328 --- [http-nio-8080-exec-4] c.g.d.core.el.ELExpressionFactory        : javax.el is not supported; Failed to resolve ExpressionFactory, com.sun.el.ExpressionFactoryImpl
2023-09-14T18:21:39.754-03:00  WARN 19328 --- [http-nio-8080-exec-2] o.s.web.servlet.PageNotFound             : Request method 'PUT' is not supported
2023-09-14T18:21:39.755-03:00  WARN 19328 --- [http-nio-8080-exec-2] .m.m.a.ExceptionHandlerExceptionResolver : Resolved [org.springframework.web.HttpRequestMethodNotSupportedException: Request method 'PUT' is not supported]
2023-09-14T18:24:55.927-03:00  INFO 19328 --- [http-nio-8080-exec-7] application.app.service.PersonServices   : Atualizado pessoa.
2023-09-14T18:25:01.237-03:00  INFO 19328 --- [http-nio-8080-exec-8] application.app.service.PersonServices   : Buscando todas as pessoas
2023-09-14T18:25:10.907-03:00  INFO 19328 --- [http-nio-8080-exec-9] application.app.service.PersonServices   : Buscando uma pessoa
2023-09-14T18:25:15.701-03:00  INFO 19328 --- [http-nio-8080-exec-10] application.app.service.PersonServices   : Buscando todas as pessoas
2023-09-14T18:25:34.963-03:00  WARN 19328 --- [http-nio-8080-exec-1] o.s.web.servlet.PageNotFound             : Request method 'PUT' is not supported
2023-09-14T18:25:34.966-03:00  WARN 19328 --- [http-nio-8080-exec-1] .m.m.a.ExceptionHandlerExceptionResolver : Resolved [org.springframework.web.HttpRequestMethodNotSupportedException: Request method 'PUT' is not supported]
2023-09-14T18:25:39.484-03:00  INFO 19328 --- [http-nio-8080-exec-3] application.app.service.PersonServices   : Atualizado pessoa.
2023-09-14T18:25:47.434-03:00  INFO 19328 --- [http-nio-8080-exec-4] application.app.service.PersonServices   : Buscando uma pessoa
2023-09-14T18:31:52.931-03:00  INFO 19328 --- [File Watcher] rtingClassPathChangeChangedEventListener : Restarting due to 1 class path change (0 additions, 0 deletions, 1 modification)
2023-09-14T18:31:52.949-03:00  INFO 19328 --- [Thread-5] o.apache.catalina.core.StandardService   : Stopping service [Tomcat]
2023-09-14T18:31:52.951-03:00  INFO 19328 --- [Thread-5] o.a.c.c.C.[Tomcat].[localhost].[/]       : Destroying Spring FrameworkServlet 'dispatcherServlet'
2023-09-14T18:31:52.964-03:00  INFO 19328 --- [Thread-5] j.LocalContainerEntityManagerFactoryBean : Closing JPA EntityManagerFactory for persistence unit 'default'
2023-09-14T18:31:52.969-03:00  INFO 19328 --- [Thread-5] com.zaxxer.hikari.HikariDataSource       : HikariPool-1 - Shutdown initiated...
2023-09-14T18:31:52.982-03:00  INFO 19328 --- [Thread-5] com.zaxxer.hikari.HikariDataSource       : HikariPool-1 - Shutdown completed.
2023-09-14T18:31:53.105-03:00  INFO 19328 --- [restartedMain] application.app.Startup                  : Starting Startup using Java 17.0.7 with PID 19328 (C:\Users\rhama\Documents\GitHub\rest-with-springboot-and-java\rest-with-springboot-and-java\target\classes started by rhama in C:\Users\rhama\Documents\GitHub\rest-with-springboot-and-java\rest-with-springboot-and-java)
2023-09-14T18:31:53.106-03:00  INFO 19328 --- [restartedMain] application.app.Startup                  : No active profile set, falling back to 1 default profile: "default"
2023-09-14T18:31:53.797-03:00  INFO 19328 --- [restartedMain] .s.d.r.c.RepositoryConfigurationDelegate : Bootstrapping Spring Data JPA repositories in DEFAULT mode.
2023-09-14T18:31:53.821-03:00  INFO 19328 --- [restartedMain] .s.d.r.c.RepositoryConfigurationDelegate : Finished Spring Data repository scanning in 24 ms. Found 2 JPA repository interfaces.
2023-09-14T18:31:53.968-03:00  INFO 19328 --- [restartedMain] o.s.b.w.embedded.tomcat.TomcatWebServer  : Tomcat initialized with port(s): 8080 (http)
2023-09-14T18:31:53.969-03:00  INFO 19328 --- [restartedMain] o.apache.catalina.core.StandardService   : Starting service [Tomcat]
2023-09-14T18:31:53.969-03:00  INFO 19328 --- [restartedMain] o.apache.catalina.core.StandardEngine    : Starting Servlet engine: [Apache Tomcat/10.1.10]
2023-09-14T18:31:53.990-03:00  INFO 19328 --- [restartedMain] o.a.c.c.C.[Tomcat].[localhost].[/]       : Initializing Spring embedded WebApplicationContext
2023-09-14T18:31:53.990-03:00  INFO 19328 --- [restartedMain] w.s.c.ServletWebServerApplicationContext : Root WebApplicationContext: initialization completed in 881 ms
2023-09-14T18:31:54.063-03:00  INFO 19328 --- [restartedMain] o.hibernate.jpa.internal.util.LogHelper  : HHH000204: Processing PersistenceUnitInfo [name: default]
2023-09-14T18:31:54.074-03:00  INFO 19328 --- [restartedMain] o.h.b.i.BytecodeProviderInitiator        : HHH000021: Bytecode provider name : bytebuddy
2023-09-14T18:31:54.074-03:00  INFO 19328 --- [restartedMain] o.s.o.j.p.SpringPersistenceUnitInfo      : No LoadTimeWeaver setup: ignoring JPA class transformer
2023-09-14T18:31:54.076-03:00  INFO 19328 --- [restartedMain] com.zaxxer.hikari.HikariDataSource       : HikariPool-2 - Starting...
2023-09-14T18:31:54.092-03:00  INFO 19328 --- [restartedMain] com.zaxxer.hikari.pool.HikariPool        : HikariPool-2 - Added connection com.mysql.cj.jdbc.ConnectionImpl@12bf836e
2023-09-14T18:31:54.092-03:00  INFO 19328 --- [restartedMain] com.zaxxer.hikari.HikariDataSource       : HikariPool-2 - Start completed.
2023-09-14T18:31:54.093-03:00  WARN 19328 --- [restartedMain] org.hibernate.orm.deprecation            : HHH90000026: MySQL8Dialect has been deprecated; use org.hibernate.dialect.MySQLDialect instead
2023-09-14T18:31:54.104-03:00  INFO 19328 --- [restartedMain] o.h.b.i.BytecodeProviderInitiator        : HHH000021: Bytecode provider name : bytebuddy
2023-09-14T18:31:54.138-03:00  INFO 19328 --- [restartedMain] o.h.e.t.j.p.i.JtaPlatformInitiator       : HHH000490: Using JtaPlatform implementation: [org.hibernate.engine.transaction.jta.platform.internal.NoJtaPlatform]
2023-09-14T18:31:54.180-03:00  INFO 19328 --- [restartedMain] j.LocalContainerEntityManagerFactoryBean : Initialized JPA EntityManagerFactory for persistence unit 'default'
2023-09-14T18:31:54.351-03:00  WARN 19328 --- [restartedMain] JpaBaseConfiguration$JpaWebConfiguration : spring.jpa.open-in-view is enabled by default. Therefore, database queries may be performed during view rendering. Explicitly configure spring.jpa.open-in-view to disable this warning
2023-09-14T18:31:54.642-03:00  INFO 19328 --- [restartedMain] o.s.b.d.a.OptionalLiveReloadServer       : LiveReload server is running on port 35729
2023-09-14T18:31:54.645-03:00  INFO 19328 --- [restartedMain] o.s.b.a.e.web.EndpointLinksResolver      : Exposing 1 endpoint(s) beneath base path '/actuator'
2023-09-14T18:31:54.676-03:00  INFO 19328 --- [restartedMain] o.s.b.w.embedded.tomcat.TomcatWebServer  : Tomcat started on port(s): 8080 (http) with context path ''
2023-09-14T18:31:54.689-03:00  INFO 19328 --- [restartedMain] application.app.Startup                  : Started Startup in 1.63 seconds (process running for 652.932)
2023-09-14T18:31:54.693-03:00  INFO 19328 --- [restartedMain] .ConditionEvaluationDeltaLoggingListener : Condition evaluation unchanged
